<?xml version="1.0" encoding="UTF-8"?>
<!-- Generated by org.testng.reporters.JUnitReportReporter -->
<testsuite skipped="0" hostname="DESKTOP-K7B23CB" name="Test.testfindhospital" tests="8" failures="0" timestamp="2021-04-28T17:25:58 IST" time="238.587" errors="0">
  <testcase name="launchbrowser" time="48.635" classname="Test.testfindhospital"/>
  <system-out/>
  <testcase name="location" time="20.642" classname="Test.testfindhospital"/>
  <system-out/>
  <testcase name="search" time="136.104" classname="Test.testfindhospital"/>
  <system-out/>
  <testcase name="clickondiagostic" time="4.885" classname="Test.testfindhospital"/>
  <system-out/>
  <testcase name="gettopcitieslist" time="1.633" classname="Test.testfindhospital"/>
  <system-out/>
  <testcase name="corporatewellness" time="1.226" classname="Test.testfindhospital"/>
  <system-out/>
  <testcase name="fillup" time="16.687" classname="Test.testfindhospital"/>
  <system-out/>
  <testcase name="quitbrowser" time="8.775" classname="Test.testfindhospital"/>
  <system-out/>
</testsuite> <!-- Test.testfindhospital -->
